0 info it worked if it ends with ok
1 verbose cli [ '/usr/local/bin/node', '/usr/local/bin/npm', 'run', 'test' ]
2 info using npm@3.10.8
3 info using node@v6.9.1
4 verbose run-script [ 'pretest', 'test', 'posttest' ]
5 info lifecycle rxjs-test@1.0.0~pretest: rxjs-test@1.0.0
6 silly lifecycle rxjs-test@1.0.0~pretest: no script for pretest, continuing
7 info lifecycle rxjs-test@1.0.0~test: rxjs-test@1.0.0
8 verbose lifecycle rxjs-test@1.0.0~test: unsafe-perm in lifecycle true
9 verbose lifecycle rxjs-test@1.0.0~test: PATH: /usr/local/lib/node_modules/npm/bin/node-gyp-bin:/home/lucius/t/rxjs-test/node_modules/.bin:/usr/local/sbin:/usr/local/bin:/usr/sbin:/usr/bin:/sbin:/bin:/usr/games:/usr/local/games:/snap/bin:/home/lucius/programms/phpstorm/bin:/home/lucius/.composer/vendor/bin
10 verbose lifecycle rxjs-test@1.0.0~test: CWD: /home/lucius/t/rxjs-test
11 silly lifecycle rxjs-test@1.0.0~test: Args: [ '-c', 'ts-node index.ts' ]
12 silly lifecycle rxjs-test@1.0.0~test: Returned: code: 1  signal: null
13 info lifecycle rxjs-test@1.0.0~test: Failed to exec test script
14 verbose stack Error: rxjs-test@1.0.0 test: `ts-node index.ts`
14 verbose stack Exit status 1
14 verbose stack     at EventEmitter.<anonymous> (/usr/local/lib/node_modules/npm/lib/utils/lifecycle.js:255:16)
14 verbose stack     at emitTwo (events.js:106:13)
14 verbose stack     at EventEmitter.emit (events.js:191:7)
14 verbose stack     at ChildProcess.<anonymous> (/usr/local/lib/node_modules/npm/lib/utils/spawn.js:40:14)
14 verbose stack     at emitTwo (events.js:106:13)
14 verbose stack     at ChildProcess.emit (events.js:191:7)
14 verbose stack     at maybeClose (internal/child_process.js:877:16)
14 verbose stack     at Process.ChildProcess._handle.onexit (internal/child_process.js:226:5)
15 verbose pkgid rxjs-test@1.0.0
16 verbose cwd /home/lucius/t/rxjs-test
17 error Linux 4.4.0-39-generic
18 error argv "/usr/local/bin/node" "/usr/local/bin/npm" "run" "test"
19 error node v6.9.1
20 error npm  v3.10.8
21 error code ELIFECYCLE
22 error rxjs-test@1.0.0 test: `ts-node index.ts`
22 error Exit status 1
23 error Failed at the rxjs-test@1.0.0 test script 'ts-node index.ts'.
23 error Make sure you have the latest version of node.js and npm installed.
23 error If you do, this is most likely a problem with the rxjs-test package,
23 error not with npm itself.
23 error Tell the author that this fails on your system:
23 error     ts-node index.ts
23 error You can get information on how to open an issue for this project with:
23 error     npm bugs rxjs-test
23 error Or if that isn't available, you can get their info via:
23 error     npm owner ls rxjs-test
23 error There is likely additional logging output above.
24 verbose exit [ 1, true ]
